<?xml version="1.0" encoding="UTF-8"?>
<testsuite name="MorseCodeTestSuite" tests="2" skipped="0" failures="0" errors="0" timestamp="2023-03-02T12:17:54" hostname="LAPTOP-6257JG67" time="0.086">
  <properties/>
  <testcase name="testTranslateToLatin()" classname="MorseCodeTestSuite" time="0.075"/>
  <testcase name="testTranslateToMorse()" classname="MorseCodeTestSuite" time="0.005"/>
  <system-out><![CDATA[]]></system-out>
  <system-err><![CDATA[]]></system-err>
</testsuite>
